2024-02-21 08:21:39.605 [info] Log level: Info
2024-02-21 08:21:39.605 [info] Validating found git in: "git"
2024-02-21 08:21:39.605 [info] Using git "2.34.1" from "git"
2024-02-21 08:21:39.605 [info] > git rev-parse --show-toplevel [2ms]
2024-02-21 08:21:39.605 [info] > git rev-parse --git-dir --git-common-dir [3ms]
2024-02-21 08:21:39.605 [info] Open repository: /home/student
2024-02-21 08:21:39.646 [info] > git rev-parse --show-toplevel [26ms]
2024-02-21 08:21:39.647 [info] > git config --get commit.template [34ms]
2024-02-21 08:21:39.681 [info] > git for-each-ref --format=%(refname)%00%(upstream:short)%00%(objectname)%00%(upstream:track)%00%(upstream:remotename)%00%(upstream:remoteref) refs/heads/master refs/remotes/master [11ms]
2024-02-21 08:21:39.694 [info] > git rev-parse --git-dir --git-common-dir [34ms]
2024-02-21 08:21:39.699 [info] Open repository: /home/student/DOCUMENTS
2024-02-21 08:21:39.733 [info] > git config --get commit.template [15ms]
2024-02-21 08:21:39.735 [info] > git rev-parse --show-toplevel [5ms]
2024-02-21 08:21:39.760 [info] > git for-each-ref --format=%(refname)%00%(upstream:short)%00%(objectname)%00%(upstream:track)%00%(upstream:remotename)%00%(upstream:remoteref) refs/heads/master refs/remotes/master [14ms]
2024-02-21 08:21:39.775 [info] > git rev-parse --show-toplevel [19ms]
2024-02-21 08:21:39.785 [info] > git status -z -uall [17ms]
2024-02-21 08:21:39.801 [info] > git rev-parse --show-toplevel [16ms]
2024-02-21 08:21:39.810 [info] > git config --get commit.template [10ms]
2024-02-21 08:21:39.812 [info] > git rev-parse --show-toplevel [3ms]
2024-02-21 08:21:39.827 [info] > git for-each-ref --format=%(refname)%00%(upstream:short)%00%(objectname)%00%(upstream:track)%00%(upstream:remotename)%00%(upstream:remoteref) refs/heads/master refs/remotes/master [6ms]
2024-02-21 08:21:39.879 [info] > git status -z -uall [46ms]
2024-02-21 08:21:39.882 [info] > git rev-parse --show-toplevel [56ms]
2024-02-21 08:21:39.910 [info] > git rev-parse --show-toplevel [20ms]
2024-02-21 08:21:39.924 [info] > git rev-parse --show-toplevel [6ms]
2024-02-21 08:21:39.936 [info] > git rev-parse --show-toplevel [3ms]
2024-02-21 08:21:39.944 [info] > git rev-parse --show-toplevel [1ms]
2024-02-21 08:21:39.953 [info] > git rev-parse --show-toplevel [2ms]
2024-02-21 08:21:39.961 [info] > git rev-parse --show-toplevel [1ms]
2024-02-21 08:21:39.969 [info] > git rev-parse --show-toplevel [1ms]
2024-02-21 08:21:39.976 [info] > git rev-parse --show-toplevel [1ms]
2024-02-21 08:21:39.983 [info] > git rev-parse --show-toplevel [1ms]
2024-02-21 08:21:39.991 [info] > git rev-parse --show-toplevel [1ms]
2024-02-21 08:21:39.998 [info] > git rev-parse --show-toplevel [1ms]
2024-02-21 08:21:40.005 [info] > git rev-parse --show-toplevel [1ms]
2024-02-21 08:21:40.013 [info] > git rev-parse --show-toplevel [2ms]
2024-02-21 08:21:40.021 [info] > git rev-parse --show-toplevel [2ms]
2024-02-21 08:21:40.028 [info] > git rev-parse --show-toplevel [1ms]
2024-02-21 08:21:40.035 [info] > git rev-parse --show-toplevel [1ms]
2024-02-21 08:21:40.043 [info] > git rev-parse --show-toplevel [1ms]
2024-02-21 08:21:40.050 [info] > git rev-parse --show-toplevel [1ms]
2024-02-21 08:21:40.057 [info] > git rev-parse --show-toplevel [1ms]
2024-02-21 08:21:40.066 [info] > git rev-parse --show-toplevel [1ms]
2024-02-21 08:21:40.074 [info] > git rev-parse --show-toplevel [2ms]
2024-02-21 08:21:40.091 [info] > git show --textconv :index.html [8ms]
2024-02-21 08:21:40.093 [info] > git ls-files --stage -- /home/student/DOCUMENTS/index.html [3ms]
2024-02-21 08:21:40.102 [info] > git cat-file -s 72053cb625560bd020a3dc70953bf163f9182f05 [2ms]
2024-02-21 08:21:40.145 [info] > git status -z -uall [452ms] (cancelled)
2024-02-21 08:21:40.308 [info] > git check-ignore -v -z --stdin [1ms]
2024-02-21 08:21:40.331 [info] > git check-ignore -v -z --stdin [33ms]
2024-02-21 08:22:18.406 [info] > git show --textconv :Corrections/index1.html [8ms]
2024-02-21 08:22:18.413 [info] > git ls-files --stage -- /home/student/Corrections/index1.html [8ms]
2024-02-21 08:22:18.688 [info] > git check-ignore -v -z --stdin [8ms]
2024-02-21 08:29:11.491 [info] > git show --textconv :Corrections/index2.html [8ms]
2024-02-21 08:29:11.498 [info] > git ls-files --stage -- /home/student/Corrections/index2.html [8ms]
2024-02-21 08:29:11.764 [info] > git check-ignore -v -z --stdin [9ms]
2024-02-21 08:32:14.022 [info] > git show --textconv :Corrections/index3.html [8ms]
2024-02-21 08:32:14.028 [info] > git ls-files --stage -- /home/student/Corrections/index3.html [7ms]
2024-02-21 08:32:14.299 [info] > git check-ignore -v -z --stdin [8ms]
2024-02-21 08:54:44.190 [info] > git show --textconv :Corrections/index1.html [9ms]
2024-02-21 08:54:44.197 [info] > git ls-files --stage -- /home/student/Corrections/index1.html [8ms]
2024-02-21 08:57:43.008 [info] > git check-ignore -v -z --stdin [9ms]
2024-02-21 09:00:16.353 [info] > git show --textconv :Corrections/index2.html [9ms]
2024-02-21 09:00:16.360 [info] > git ls-files --stage -- /home/student/Corrections/index2.html [7ms]
2024-02-21 09:03:10.870 [info] > git show --textconv :Corrections/index1.html [10ms]
2024-02-21 09:03:10.876 [info] > git ls-files --stage -- /home/student/Corrections/index1.html [7ms]
2024-02-21 09:05:22.478 [info] > git show --textconv :Corrections/index2.html [9ms]
2024-02-21 09:05:22.485 [info] > git ls-files --stage -- /home/student/Corrections/index2.html [8ms]
2024-02-21 09:08:06.984 [info] > git check-ignore -v -z --stdin [9ms]
2024-02-21 09:08:12.519 [info] > git check-ignore -v -z --stdin [13ms]
2024-02-21 09:08:21.909 [info] > git check-ignore -v -z --stdin [10ms]
2024-02-21 09:09:54.775 [info] > git show --textconv :Corrections/index1.html [15ms]
2024-02-21 09:09:54.779 [info] > git ls-files --stage -- /home/student/Corrections/index1.html [8ms]
2024-02-21 09:11:34.641 [info] > git show --textconv :Corrections/index2.html [9ms]
2024-02-21 09:11:34.649 [info] > git ls-files --stage -- /home/student/Corrections/index2.html [7ms]
2024-02-21 09:12:57.797 [info] > git show --textconv :Corrections/index1.html [10ms]
2024-02-21 09:12:57.804 [info] > git ls-files --stage -- /home/student/Corrections/index1.html [7ms]
2024-02-21 09:14:14.621 [info] > git show --textconv :Corrections/index3.html [10ms]
2024-02-21 09:14:14.628 [info] > git ls-files --stage -- /home/student/Corrections/index3.html [8ms]
2024-02-21 09:34:42.845 [info] > git show --textconv :Corrections/index1.html [9ms]
2024-02-21 09:34:42.852 [info] > git ls-files --stage -- /home/student/Corrections/index1.html [7ms]
2024-02-21 09:35:01.671 [info] > git show --textconv :Corrections/index2.html [9ms]
2024-02-21 09:35:01.678 [info] > git ls-files --stage -- /home/student/Corrections/index2.html [7ms]
