2024-02-20 15:15:34.523 [info] Log level: Info
2024-02-20 15:15:34.523 [info] Validating found git in: "git"
2024-02-20 15:15:34.523 [info] Using git "2.34.1" from "git"
2024-02-20 15:15:34.528 [info] > git rev-parse --show-toplevel [3ms]
2024-02-20 15:15:34.538 [info] > git rev-parse --git-dir --git-common-dir [2ms]
2024-02-20 15:15:34.547 [info] Open repository: /home/student
2024-02-20 15:15:34.590 [info] > git rev-parse --show-toplevel [27ms]
2024-02-20 15:15:34.591 [info] > git config --get commit.template [34ms]
2024-02-20 15:15:34.614 [info] > git for-each-ref --format=%(refname)%00%(upstream:short)%00%(objectname)%00%(upstream:track)%00%(upstream:remotename)%00%(upstream:remoteref) refs/heads/master refs/remotes/master [8ms]
2024-02-20 15:15:34.623 [info] > git rev-parse --show-toplevel [25ms]
2024-02-20 15:15:34.644 [info] > git rev-parse --show-toplevel [4ms]
2024-02-20 15:15:34.654 [info] > git rev-parse --show-toplevel [1ms]
2024-02-20 15:15:34.667 [info] > git rev-parse --show-toplevel [3ms]
2024-02-20 15:15:34.689 [info] > git rev-parse --show-toplevel [2ms]
2024-02-20 15:15:34.699 [info] > git rev-parse --show-toplevel [2ms]
2024-02-20 15:15:34.708 [info] > git rev-parse --show-toplevel [1ms]
2024-02-20 15:15:34.717 [info] > git rev-parse --show-toplevel [1ms]
2024-02-20 15:15:34.725 [info] > git rev-parse --show-toplevel [1ms]
2024-02-20 15:15:34.733 [info] > git rev-parse --show-toplevel [1ms]
2024-02-20 15:15:34.740 [info] > git rev-parse --show-toplevel [1ms]
2024-02-20 15:15:34.748 [info] > git rev-parse --show-toplevel [2ms]
2024-02-20 15:15:34.755 [info] > git rev-parse --show-toplevel [1ms]
2024-02-20 15:15:34.761 [info] > git rev-parse --show-toplevel [1ms]
2024-02-20 15:15:34.768 [info] > git rev-parse --show-toplevel [1ms]
2024-02-20 15:15:34.774 [info] > git rev-parse --show-toplevel [1ms]
2024-02-20 15:15:34.781 [info] > git rev-parse --show-toplevel [1ms]
2024-02-20 15:15:34.787 [info] > git rev-parse --show-toplevel [1ms]
2024-02-20 15:15:34.794 [info] > git rev-parse --show-toplevel [2ms]
2024-02-20 15:15:34.800 [info] > git rev-parse --show-toplevel [1ms]
2024-02-20 15:15:34.807 [info] > git rev-parse --show-toplevel [1ms]
2024-02-20 15:15:34.873 [info] > git show --textconv :index.html [13ms]
2024-02-20 15:15:34.876 [info] > git ls-files --stage -- /home/student/index.html [9ms]
2024-02-20 15:15:34.885 [info] > git cat-file -s 72f0a2271633d70a275fc16bfa81e474c1d20d2a [2ms]
2024-02-20 15:15:35.119 [info] > git check-ignore -v -z --stdin [23ms]
2024-02-20 15:15:35.196 [info] > git status -z -uall [574ms] (cancelled)
2024-02-20 15:15:44.881 [info] > git show --textconv :index5.html [9ms]
2024-02-20 15:15:44.889 [info] > git ls-files --stage -- /home/student/index5.html [9ms]
2024-02-20 15:15:49.019 [info] > git show --textconv :index.html [8ms]
2024-02-20 15:15:49.027 [info] > git ls-files --stage -- /home/student/index.html [8ms]
2024-02-20 15:15:49.039 [info] > git cat-file -s 72f0a2271633d70a275fc16bfa81e474c1d20d2a [2ms]
2024-02-20 15:16:01.580 [info] > git show --textconv :index5.html [9ms]
2024-02-20 15:16:01.588 [info] > git ls-files --stage -- /home/student/index5.html [9ms]
2024-02-20 15:16:58.471 [info] > git show --textconv :DOCUMENTS/index.html [8ms]
2024-02-20 15:16:58.478 [info] > git ls-files --stage -- /home/student/DOCUMENTS/index.html [8ms]
2024-02-20 15:16:58.739 [info] > git check-ignore -v -z --stdin [8ms]
2024-02-20 15:23:13.083 [info] > git check-ignore -v -z --stdin [8ms]
2024-02-20 15:55:40.510 [info] > git check-ignore -v -z --stdin [8ms]
